[15:06:38] [Server thread/INFO]: Starting minecraft server version 1.12.2
[15:06:38] [Server thread/INFO]: Loading properties
[15:06:38] [Server thread/INFO]: Default game type: SURVIVAL
[15:06:38] [Server thread/INFO]: Generating keypair
[15:06:39] [Server thread/INFO]: Starting Minecraft server on *:25565
[15:06:39] [Server thread/INFO]: Using default channel type
[15:06:40] [Server thread/INFO]: Preparing level "world"
[15:06:42] [Server thread/INFO]: Loaded 488 advancements
[15:06:42] [Server thread/INFO]: Preparing start region for level 0
[15:06:44] [Server thread/INFO]: Preparing spawn area: 0%
[15:06:45] [Server thread/INFO]: Preparing spawn area: 17%
[15:06:46] [Server thread/INFO]: Preparing spawn area: 40%
[15:06:47] [Server thread/INFO]: Preparing spawn area: 63%
[15:06:48] [Server thread/INFO]: Preparing spawn area: 88%
[15:06:48] [Server thread/INFO]: Done (7.483s)! For help, type "help" or "?"
[15:06:55] [Server thread/WARN]: Can't keep up! Did the system time change, or is the server overloaded? Running 2244ms behind, skipping 44 tick(s)
[15:07:18] [User Authenticator #1/INFO]: UUID of player Juanton_soup is edd79b0f-8a46-46a8-9054-8cc37aa584e4
[15:07:18] [Server thread/INFO]: Juanton_soup[/100.12.237.207:50202] logged in with entity id 401 at (-199.2508125704833, 80.0, 87.52385946193822)
[15:07:18] [Server thread/INFO]: Juanton_soup joined the game
[15:07:24] [User Authenticator #2/INFO]: UUID of player Optix570 is e32318e2-7636-4be2-8ad2-794d91429171
[15:07:24] [Server thread/INFO]: Optix570[/108.54.153.220:1025] logged in with entity id 403 at (-199.18314229725803, 80.0, 88.48217331910433)
[15:07:24] [Server thread/INFO]: Optix570 joined the game
[15:07:33] [Server thread/INFO]: <Juanton_soup> hi lijah bear
[15:07:37] [Server thread/INFO]: <Optix570> hello!
[15:07:38] [Server thread/WARN]: Can't keep up! Did the system time change, or is the server overloaded? Running 4579ms behind, skipping 91 tick(s)
[15:07:46] [Server thread/INFO]: Juanton_soup lost connection: Disconnected
[15:07:46] [Server thread/INFO]: Juanton_soup left the game
[15:07:53] [User Authenticator #3/INFO]: UUID of player Juanton_soup is edd79b0f-8a46-46a8-9054-8cc37aa584e4
[15:07:53] [Server thread/INFO]: Juanton_soup[/100.12.237.207:50213] logged in with entity id 690 at (-199.2508125704833, 80.0, 87.52385946193822)
[15:07:53] [Server thread/INFO]: Juanton_soup joined the game
[15:07:54] [Server thread/WARN]: Can't keep up! Did the system time change, or is the server overloaded? Running 2656ms behind, skipping 53 tick(s)
[15:08:15] [Server thread/INFO]: <Optix570> oof
[15:08:21] [Server thread/INFO]: <Optix570> wao this is laggy
[15:08:32] [Server thread/INFO]: <Juanton_soup> :c sads
[15:08:37] [Server thread/INFO]: <Optix570> yeah
[15:08:47] [Server thread/INFO]: <Optix570> i couldnt use the big computer cuz siblings
[15:08:54] [Server thread/INFO]: <Juanton_soup> oo es okey
[15:08:54] [Server thread/INFO]: <Optix570> so im trying to run this on my laptop lol
[15:09:09] [Server thread/WARN]: Can't keep up! Did the system time change, or is the server overloaded? Running 2028ms behind, skipping 40 tick(s)
[15:09:28] [Server thread/INFO]: <Juanton_soup> imma go to the village if i can finds it
[15:09:31] [Server thread/INFO]: <Juanton_soup> and trades
[15:09:35] [Server thread/INFO]: <Optix570> mkay
[15:09:51] [Server thread/INFO]: <Juanton_soup> wanna come
[15:09:55] [Server thread/INFO]: <Optix570> yuh!
[15:10:01] [Server thread/INFO]: <Juanton_soup> hehe i don't actually know where it is
[15:10:09] [Server thread/INFO]: <Optix570> ooh das no guds
[15:10:39] [Server thread/WARN]: Optix570 moved too quickly! -9.90337238886724,0.42355929454303975,-1.8767382322742208
[15:10:39] [Server thread/WARN]: Can't keep up! Did the system time change, or is the server overloaded? Running 2740ms behind, skipping 54 tick(s)
[15:11:01] [Server thread/WARN]: Can't keep up! Did the system time change, or is the server overloaded? Running 4819ms behind, skipping 96 tick(s)
[15:11:24] [Server thread/WARN]: Can't keep up! Did the system time change, or is the server overloaded? Running 12152ms behind, skipping 243 tick(s)
[15:11:34] [Server thread/WARN]: Can't keep up! Did the system time change, or is the server overloaded? Running 5233ms behind, skipping 104 tick(s)
[15:11:45] [Server thread/INFO]: <Juanton_soup> no idea where i'm going
[15:11:51] [Server thread/INFO]: <Optix570> ,,,
[15:11:55] [Server thread/WARN]: Can't keep up! Did the system time change, or is the server overloaded? Running 9664ms behind, skipping 193 tick(s)
[15:12:32] [Server thread/WARN]: Can't keep up! Did the system time change, or is the server overloaded? Running 27291ms behind, skipping 545 tick(s)
[15:12:36] [Server thread/WARN]: Can't keep up! Did the system time change, or is the server overloaded? Running 3112ms behind, skipping 62 tick(s)
[15:12:59] [Server thread/INFO]: <Optix570> did you gotta
[15:13:10] [Server thread/INFO]: <Optix570> hehe
[15:13:14] [Server thread/WARN]: Can't keep up! Did the system time change, or is the server overloaded? Running 15258ms behind, skipping 305 tick(s)
[15:13:16] [Server thread/WARN]: Can't keep up! Did the system time change, or is the server overloaded? Running 2380ms behind, skipping 47 tick(s)
[15:13:58] [Server thread/WARN]: Can't keep up! Did the system time change, or is the server overloaded? Running 21621ms behind, skipping 432 tick(s)
[15:14:01] [Server thread/INFO]: <Juanton_soup> yeah i have no idea where we are so ig we just gonna explores
[15:14:03] [Server thread/WARN]: Can't keep up! Did the system time change, or is the server overloaded? Running 4133ms behind, skipping 82 tick(s)
[15:14:09] [Server thread/INFO]: <Optix570> oof
[15:14:10] [Server thread/INFO]: <Optix570> okey
[15:15:15] [Server thread/WARN]: Can't keep up! Did the system time change, or is the server overloaded? Running 44129ms behind, skipping 882 tick(s)
[15:15:18] [Server thread/WARN]: Can't keep up! Did the system time change, or is the server overloaded? Running 2991ms behind, skipping 59 tick(s)
[15:15:23] [Server thread/INFO]: <Juanton_soup> im not prepared for another cave adventure
[15:15:29] [Server thread/INFO]: <Optix570> me either
[15:15:31] [Server thread/INFO]: <Juanton_soup> i dun have a sword or pickaxe,, or torches
[15:15:33] [Server thread/INFO]: <Juanton_soup> alright
[15:15:35] [Server thread/WARN]: Can't keep up! Did the system time change, or is the server overloaded? Running 3545ms behind, skipping 70 tick(s)
[15:15:39] [Server thread/INFO]: <Juanton_soup> wanna go back prepare then head out?
[15:15:55] [Server thread/INFO]: <Optix570> are we gonna be able to find our way back lol
[15:15:59] [Server thread/INFO]: <Juanton_soup> i can
[15:16:00] [Server thread/WARN]: Can't keep up! Did the system time change, or is the server overloaded? Running 9900ms behind, skipping 198 tick(s)
[15:16:03] [Server thread/INFO]: <Juanton_soup> trust meeee
[15:16:09] [Server thread/WARN]: Can't keep up! Did the system time change, or is the server overloaded? Running 2355ms behind, skipping 47 tick(s)
[15:16:09] [Server thread/INFO]: <Optix570> are you sureee
[15:16:41] [Server thread/WARN]: Can't keep up! Did the system time change, or is the server overloaded? Running 16807ms behind, skipping 336 tick(s)
[15:16:45] [Server thread/WARN]: Can't keep up! Did the system time change, or is the server overloaded? Running 4165ms behind, skipping 83 tick(s)
[15:17:03] [Server thread/INFO]: <Juanton_soup> yuh
[15:17:04] [Server thread/WARN]: Can't keep up! Did the system time change, or is the server overloaded? Running 5601ms behind, skipping 112 tick(s)
[15:17:09] [Server thread/INFO]: <Optix570> mkay
[15:17:24] [Server thread/WARN]: Can't keep up! Did the system time change, or is the server overloaded? Running 3645ms behind, skipping 72 tick(s)
[15:17:46] [Server thread/WARN]: Can't keep up! Did the system time change, or is the server overloaded? Running 4911ms behind, skipping 98 tick(s)
[15:18:02] [Server thread/WARN]: Can't keep up! Did the system time change, or is the server overloaded? Running 5609ms behind, skipping 112 tick(s)
[15:18:30] [Server thread/WARN]: Can't keep up! Did the system time change, or is the server overloaded? Running 13088ms behind, skipping 261 tick(s)
[15:18:31] [Server thread/INFO]: <Juanton_soup> climbing is hard lmao
[15:18:37] [Server thread/INFO]: <Optix570> mhm
[15:18:38] [Server thread/WARN]: Can't keep up! Did the system time change, or is the server overloaded? Running 4969ms behind, skipping 99 tick(s)
[15:18:59] [Server thread/WARN]: Can't keep up! Did the system time change, or is the server overloaded? Running 10847ms behind, skipping 216 tick(s)
[15:19:26] [Server thread/WARN]: Can't keep up! Did the system time change, or is the server overloaded? Running 15936ms behind, skipping 318 tick(s)
[15:19:30] [Server thread/WARN]: Can't keep up! Did the system time change, or is the server overloaded? Running 3742ms behind, skipping 74 tick(s)
[15:20:02] [Server thread/WARN]: Can't keep up! Did the system time change, or is the server overloaded? Running 13064ms behind, skipping 261 tick(s)
[15:20:11] [Server thread/WARN]: Can't keep up! Did the system time change, or is the server overloaded? Running 5553ms behind, skipping 111 tick(s)
[15:20:22] [Server thread/INFO]: <Juanton_soup> i promise i will get us home
[15:20:25] [Server thread/INFO]: <Juanton_soup> eventually
[15:20:29] [Server thread/WARN]: Can't keep up! Did the system time change, or is the server overloaded? Running 6641ms behind, skipping 132 tick(s)
[15:20:30] [Server thread/INFO]: <Optix570> ...
[15:20:47] [Server thread/WARN]: Can't keep up! Did the system time change, or is the server overloaded? Running 6312ms behind, skipping 126 tick(s)
[15:20:58] [Server thread/INFO]: <Juanton_soup> uh
[15:20:58] [Server thread/INFO]: <Optix570> sooooo
[15:21:00] [Server thread/INFO]: <Juanton_soup> eventuall
[15:21:00] [Server thread/WARN]: Can't keep up! Did the system time change, or is the server overloaded? Running 3869ms behind, skipping 77 tick(s)
[15:21:02] [Server thread/INFO]: <Optix570> where are we
[15:21:23] [Server thread/WARN]: Can't keep up! Did the system time change, or is the server overloaded? Running 7438ms behind, skipping 148 tick(s)
[15:21:42] [Server thread/WARN]: Can't keep up! Did the system time change, or is the server overloaded? Running 7299ms behind, skipping 145 tick(s)
[15:22:12] [Server thread/WARN]: Can't keep up! Did the system time change, or is the server overloaded? Running 2473ms behind, skipping 49 tick(s)
[15:22:57] [Server thread/WARN]: Can't keep up! Did the system time change, or is the server overloaded? Running 2084ms behind, skipping 41 tick(s)
[15:22:57] [Server thread/WARN]: Optix570 moved too quickly! 5.951479144664916,-3.0,-7.765790589471294
[15:23:16] [Server thread/WARN]: Can't keep up! Did the system time change, or is the server overloaded? Running 2376ms behind, skipping 47 tick(s)
[15:23:39] [Server thread/WARN]: Can't keep up! Did the system time change, or is the server overloaded? Running 2035ms behind, skipping 40 tick(s)
[15:23:57] [Server thread/INFO]: <Optix570> hehe
[15:24:28] [Server thread/WARN]: Can't keep up! Did the system time change, or is the server overloaded? Running 2454ms behind, skipping 49 tick(s)
[15:24:29] [Server thread/INFO]: <Optix570> you ran awayy
[15:24:34] [Server thread/INFO]: <Optix570> n n n left me alones
[15:24:40] [Server thread/INFO]: <Juanton_soup> you were a head of meeeeeeee
[15:24:45] [Server thread/INFO]: <Optix570> so i had to go home by myself :c
[15:24:51] [Server thread/INFO]: <Juanton_soup> m sorry
[15:24:55] [Server thread/INFO]: <Optix570> wubs
[15:25:00] [Server thread/INFO]: <Optix570> es okey
[15:25:50] [Server thread/INFO]: <Optix570> where is all the coal?
[15:26:08] [Server thread/INFO]: <Optix570> but whyy
[15:26:17] [Server thread/INFO]: <Juanton_soup> twade
[15:26:22] [Server thread/INFO]: <Optix570> D:
[15:26:26] [Server thread/INFO]: <Optix570> thats too much coal
[15:28:13] [Server thread/INFO]: <Juanton_soup> m ready for adventure
[15:28:42] [Server thread/INFO]: <Optix570> wubs
[15:28:47] [Server thread/INFO]: <Optix570> ,,,
[15:29:12] [Server thread/INFO]: <Juanton_soup> why are you carrying a spider eye
[15:29:32] [Server thread/INFO]: <Optix570> i killed a spider
[15:29:42] [Server thread/INFO]: <Juanton_soup> what's this for
[15:29:46] [Server thread/INFO]: <Optix570> cows
[15:29:54] [Server thread/INFO]: <Juanton_soup> oo okey
[15:29:58] [Server thread/INFO]: <Juanton_soup> let's go adventure first tho
[15:30:04] [Server thread/INFO]: <Juanton_soup> or not
[15:30:57] [Server thread/INFO]: <Optix570> maria dun push itt
[15:31:02] [Server thread/INFO]: <Juanton_soup> why
[15:31:09] [Server thread/INFO]: <Optix570> cause youre distracting it
[15:31:38] [Server thread/INFO]: <Juanton_soup> hehe
[15:31:59] [Server thread/WARN]: Can't keep up! Did the system time change, or is the server overloaded? Running 2433ms behind, skipping 48 tick(s)
[15:33:09] [Server thread/INFO]: <Juanton_soup> let's go adventure
[15:33:17] [Server thread/INFO]: <Optix570> mkay
[15:33:55] [Server thread/INFO]: <Juanton_soup> do you wanna take a furnace n crafting table
[15:33:57] [Server thread/INFO]: <Optix570> m ready
[15:33:59] [Server thread/INFO]: <Optix570> if you wanna
[15:34:16] [Server thread/INFO]: <Juanton_soup> which way
[15:34:21] [Server thread/INFO]: <Optix570> you choose!
[15:35:18] [Server thread/WARN]: Can't keep up! Did the system time change, or is the server overloaded? Running 2468ms behind, skipping 49 tick(s)
[15:35:35] [Server thread/WARN]: Can't keep up! Did the system time change, or is the server overloaded? Running 2921ms behind, skipping 58 tick(s)
[15:35:53] [Server thread/WARN]: Can't keep up! Did the system time change, or is the server overloaded? Running 3361ms behind, skipping 67 tick(s)
[15:36:15] [Server thread/INFO]: <Juanton_soup> it was followin you
[15:36:20] [Server thread/INFO]: <Optix570> oh
[15:36:22] [Server thread/INFO]: <Optix570> kill it
[15:36:27] [Server thread/INFO]: <Juanton_soup> you made a fwen
[15:36:33] [Server thread/WARN]: Can't keep up! Did the system time change, or is the server overloaded? Running 2760ms behind, skipping 55 tick(s)
[15:36:44] [Server thread/INFO]: <Optix570> horsey!
[15:36:55] [Server thread/INFO]: <Juanton_soup> yuh
[15:37:18] [Server thread/WARN]: Can't keep up! Did the system time change, or is the server overloaded? Running 2087ms behind, skipping 41 tick(s)
[15:37:45] [Server thread/WARN]: Can't keep up! Did the system time change, or is the server overloaded? Running 4507ms behind, skipping 90 tick(s)
[15:38:16] [Server thread/WARN]: Can't keep up! Did the system time change, or is the server overloaded? Running 13441ms behind, skipping 268 tick(s)
[15:38:32] [Server thread/WARN]: Can't keep up! Did the system time change, or is the server overloaded? Running 10239ms behind, skipping 204 tick(s)
[15:38:51] [Server thread/WARN]: Can't keep up! Did the system time change, or is the server overloaded? Running 10399ms behind, skipping 207 tick(s)
[15:39:16] [Server thread/WARN]: Can't keep up! Did the system time change, or is the server overloaded? Running 14461ms behind, skipping 289 tick(s)
[15:39:26] [Server thread/WARN]: Can't keep up! Did the system time change, or is the server overloaded? Running 7036ms behind, skipping 140 tick(s)
[15:39:51] [Server thread/WARN]: Can't keep up! Did the system time change, or is the server overloaded? Running 13175ms behind, skipping 263 tick(s)
[15:39:56] [Server thread/WARN]: Can't keep up! Did the system time change, or is the server overloaded? Running 2457ms behind, skipping 49 tick(s)
[15:40:17] [Server thread/WARN]: Can't keep up! Did the system time change, or is the server overloaded? Running 4905ms behind, skipping 98 tick(s)
[15:40:35] [Server thread/WARN]: Can't keep up! Did the system time change, or is the server overloaded? Running 5102ms behind, skipping 102 tick(s)
[15:40:56] [Server thread/WARN]: Can't keep up! Did the system time change, or is the server overloaded? Running 5834ms behind, skipping 116 tick(s)
[15:41:05] [Server thread/INFO]: <Juanton_soup> idk where we're going
[15:41:11] [Server thread/WARN]: Can't keep up! Did the system time change, or is the server overloaded? Running 6409ms behind, skipping 128 tick(s)
[15:41:25] [Server thread/INFO]: <Optix570> es okay
[15:42:05] [Server thread/INFO]: <Optix570> grr
[15:42:10] [Server thread/WARN]: Can't keep up! Did the system time change, or is the server overloaded? Running 46988ms behind, skipping 939 tick(s)
[15:42:13] [Server thread/INFO]: <Juanton_soup> :c why grr
[15:42:14] [Server thread/INFO]: [Optix570: Teleported Optix570 to Juanton_soup]
[15:42:18] [Server thread/WARN]: Can't keep up! Did the system time change, or is the server overloaded? Running 7968ms behind, skipping 159 tick(s)
[15:42:18] [Server thread/INFO]: <Optix570> hmpo
[15:42:18] [Server thread/INFO]: <Juanton_soup> why grr
[15:42:20] [Server thread/INFO]: <Optix570> hmph
[15:42:25] [Server thread/INFO]: <Optix570> smol doesnt wait for lijah
[15:42:45] [Server thread/INFO]: <Juanton_soup> :c smol is sorry
[15:42:46] [Server thread/WARN]: Can't keep up! Did the system time change, or is the server overloaded? Running 14717ms behind, skipping 294 tick(s)
[15:42:51] [Server thread/INFO]: <Juanton_soup> smol is sorryyyyy
[15:42:56] [Server thread/WARN]: Can't keep up! Did the system time change, or is the server overloaded? Running 6213ms behind, skipping 124 tick(s)
[15:42:56] [Server thread/INFO]: <Juanton_soup> msgs dun send :c
[15:42:59] [Server thread/INFO]: Juanton_soup lost connection: Timed out
[15:42:59] [Server thread/INFO]: Juanton_soup left the game
[15:43:00] [Server thread/WARN]: handleDisconnection() called twice
[15:43:11] [Server thread/INFO]: [Optix570: Set the time to 1800]
[15:43:15] [Server thread/WARN]: Can't keep up! Did the system time change, or is the server overloaded? Running 8950ms behind, skipping 179 tick(s)
[15:43:19] [User Authenticator #4/INFO]: UUID of player Juanton_soup is edd79b0f-8a46-46a8-9054-8cc37aa584e4
[15:43:20] [Server thread/INFO]: Juanton_soup[/100.12.237.207:50346] logged in with entity id 57006 at (-1394.4753439689102, 80.0, -120.7598823842071)
[15:43:20] [Server thread/INFO]: Juanton_soup joined the game
[15:43:35] [Server thread/WARN]: Can't keep up! Did the system time change, or is the server overloaded? Running 11074ms behind, skipping 221 tick(s)
[15:43:40] [Server thread/INFO]: <Juanton_soup> whaaa
[15:43:46] [Server thread/INFO]: <Optix570> nothin
[15:43:46] [Server thread/WARN]: Juanton_soup moved too quickly! -8.087414949283584,-6.32186597571588,-0.13511103758651188
[15:43:55] [Server thread/INFO]: <Juanton_soup> no it cwashed :c
[15:44:01] [Server thread/INFO]: <Optix570> oh m sorry :c
[15:44:06] [Server thread/INFO]: <Juanton_soup> es okey baby
[15:44:34] [Server thread/WARN]: Can't keep up! Did the system time change, or is the server overloaded? Running 43368ms behind, skipping 867 tick(s)
[15:44:43] [Server thread/INFO]: <Juanton_soup> where to now
[15:44:43] [Server thread/WARN]: Can't keep up! Did the system time change, or is the server overloaded? Running 9568ms behind, skipping 191 tick(s)
[15:44:48] [Server thread/INFO]: <Juanton_soup> you choose
[15:44:48] [Server thread/INFO]: <Optix570> idk
[15:44:50] [Server thread/INFO]: <Optix570> es your adventure
[15:44:57] [Server thread/WARN]: Can't keep up! Did the system time change, or is the server overloaded? Running 6336ms behind, skipping 126 tick(s)
[15:45:00] [Server thread/INFO]: <Juanton_soup> noooo es OUR adventuree
[15:45:17] [Server thread/WARN]: Can't keep up! Did the system time change, or is the server overloaded? Running 7644ms behind, skipping 152 tick(s)
[15:45:34] [Server thread/WARN]: Can't keep up! Did the system time change, or is the server overloaded? Running 8928ms behind, skipping 178 tick(s)
[15:45:43] [Server thread/WARN]: Can't keep up! Did the system time change, or is the server overloaded? Running 2009ms behind, skipping 40 tick(s)
[15:46:19] [Server thread/WARN]: Can't keep up! Did the system time change, or is the server overloaded? Running 13116ms behind, skipping 262 tick(s)
[15:46:25] [Server thread/WARN]: Can't keep up! Did the system time change, or is the server overloaded? Running 2820ms behind, skipping 56 tick(s)
[15:46:40] [Server thread/INFO]: <Juanton_soup> hehe it can't get up
[15:46:48] [Server thread/WARN]: Can't keep up! Did the system time change, or is the server overloaded? Running 6239ms behind, skipping 124 tick(s)
[15:46:51] [Server thread/INFO]: <Juanton_soup> do you wanna calls
[15:47:00] [Server thread/INFO]: <Optix570> mkay!
[15:47:01] [Server thread/WARN]: Can't keep up! Did the system time change, or is the server overloaded? Running 3529ms behind, skipping 70 tick(s)
[15:47:28] [Server thread/WARN]: Can't keep up! Did the system time change, or is the server overloaded? Running 9587ms behind, skipping 191 tick(s)
[15:47:37] [Server thread/WARN]: Can't keep up! Did the system time change, or is the server overloaded? Running 2471ms behind, skipping 49 tick(s)
[15:47:59] [Server thread/WARN]: Can't keep up! Did the system time change, or is the server overloaded? Running 5636ms behind, skipping 112 tick(s)
[15:48:07] [Server thread/INFO]: Juanton_soup lost connection: Disconnected
[15:48:07] [Server thread/INFO]: Juanton_soup left the game
[15:48:18] [Server thread/WARN]: Can't keep up! Did the system time change, or is the server overloaded? Running 7414ms behind, skipping 148 tick(s)
[15:48:23] [User Authenticator #5/INFO]: UUID of player Juanton_soup is edd79b0f-8a46-46a8-9054-8cc37aa584e4
[15:48:23] [Server thread/INFO]: Juanton_soup[/100.12.237.207:50383] logged in with entity id 60687 at (-1529.3450753826946, 64.0, -71.37126397734757)
[15:48:23] [Server thread/INFO]: Juanton_soup joined the game
[15:48:33] [Server thread/WARN]: Can't keep up! Did the system time change, or is the server overloaded? Running 6406ms behind, skipping 128 tick(s)
[15:48:48] [Server thread/WARN]: Can't keep up! Did the system time change, or is the server overloaded? Running 5499ms behind, skipping 109 tick(s)
[15:49:04] [Server thread/WARN]: Can't keep up! Did the system time change, or is the server overloaded? Running 3782ms behind, skipping 75 tick(s)
[15:49:19] [Server thread/WARN]: Can't keep up! Did the system time change, or is the server overloaded? Running 2348ms behind, skipping 46 tick(s)
[15:49:30] [Server thread/WARN]: Juanton_soup was kicked for floating too long!
[15:49:30] [Server thread/WARN]: Juanton_soup was kicked for floating too long!
[15:49:30] [Server thread/WARN]: Juanton_soup was kicked for floating too long!
[15:49:30] [Server thread/WARN]: Juanton_soup was kicked for floating too long!
[15:49:30] [Server thread/WARN]: Juanton_soup was kicked for floating too long!
[15:49:30] [Server thread/WARN]: Juanton_soup was kicked for floating too long!
[15:49:30] [Server thread/WARN]: Juanton_soup was kicked for floating too long!
[15:49:31] [Server thread/WARN]: Juanton_soup was kicked for floating too long!
[15:49:31] [Server thread/WARN]: Juanton_soup was kicked for floating too long!
[15:49:31] [Server thread/WARN]: Juanton_soup was kicked for floating too long!
[15:49:31] [Server thread/WARN]: Juanton_soup was kicked for floating too long!
[15:49:31] [Server thread/WARN]: Juanton_soup was kicked for floating too long!
[15:49:31] [Server thread/WARN]: Juanton_soup was kicked for floating too long!
[15:49:31] [Server thread/WARN]: Juanton_soup was kicked for floating too long!
[15:49:31] [Server thread/WARN]: Juanton_soup was kicked for floating too long!
[15:49:31] [Server thread/WARN]: Juanton_soup was kicked for floating too long!
[15:49:31] [Server thread/WARN]: Juanton_soup was kicked for floating too long!
[15:49:32] [Server thread/WARN]: Juanton_soup was kicked for floating too long!
[15:49:32] [Server thread/WARN]: Juanton_soup was kicked for floating too long!
[15:49:32] [Server thread/WARN]: Juanton_soup was kicked for floating too long!
[15:49:32] [Server thread/WARN]: Juanton_soup was kicked for floating too long!
[15:49:32] [Server thread/WARN]: Juanton_soup was kicked for floating too long!
[15:49:33] [Server thread/WARN]: Juanton_soup was kicked for floating too long!
[15:49:33] [Server thread/WARN]: Juanton_soup was kicked for floating too long!
[15:49:33] [Server thread/WARN]: Juanton_soup was kicked for floating too long!
[15:49:33] [Server thread/WARN]: Juanton_soup was kicked for floating too long!
[15:49:33] [Server thread/WARN]: Juanton_soup was kicked for floating too long!
[15:49:33] [Server thread/WARN]: Juanton_soup was kicked for floating too long!
[15:49:34] [Server thread/WARN]: Juanton_soup was kicked for floating too long!
[15:49:34] [Server thread/WARN]: Juanton_soup was kicked for floating too long!
[15:49:34] [Server thread/WARN]: Juanton_soup was kicked for floating too long!
[15:49:34] [Server thread/WARN]: Juanton_soup was kicked for floating too long!
[15:49:34] [Server thread/WARN]: Juanton_soup was kicked for floating too long!
[15:49:34] [Server thread/WARN]: Juanton_soup was kicked for floating too long!
[15:49:34] [Server thread/WARN]: Juanton_soup was kicked for floating too long!
[15:49:34] [Server thread/WARN]: Juanton_soup was kicked for floating too long!
[15:49:34] [Server thread/WARN]: Juanton_soup was kicked for floating too long!
[15:49:35] [Server thread/WARN]: Juanton_soup was kicked for floating too long!
[15:49:35] [Server thread/WARN]: Juanton_soup was kicked for floating too long!
[15:49:35] [Server thread/WARN]: Juanton_soup was kicked for floating too long!
[15:49:35] [Server thread/WARN]: Juanton_soup was kicked for floating too long!
[15:49:35] [Server thread/WARN]: Juanton_soup was kicked for floating too long!
[15:49:35] [Server thread/WARN]: Juanton_soup was kicked for floating too long!
[15:49:35] [Server thread/WARN]: Juanton_soup was kicked for floating too long!
[15:49:35] [Server thread/WARN]: Juanton_soup was kicked for floating too long!
[15:49:35] [Server thread/WARN]: Juanton_soup was kicked for floating too long!
[15:49:36] [Server thread/WARN]: Juanton_soup was kicked for floating too long!
[15:49:36] [Server thread/WARN]: Juanton_soup was kicked for floating too long!
[15:49:36] [Server thread/WARN]: Juanton_soup was kicked for floating too long!
[15:49:36] [Server thread/WARN]: Juanton_soup was kicked for floating too long!
[15:49:36] [Server thread/WARN]: Juanton_soup was kicked for floating too long!
[15:49:36] [Server thread/WARN]: Juanton_soup was kicked for floating too long!
[15:49:36] [Server thread/WARN]: Juanton_soup was kicked for floating too long!
[15:49:37] [Server thread/WARN]: Juanton_soup was kicked for floating too long!
[15:49:37] [Server thread/WARN]: Juanton_soup was kicked for floating too long!
[15:49:37] [Server thread/WARN]: Juanton_soup was kicked for floating too long!
[15:49:37] [Server thread/WARN]: Juanton_soup was kicked for floating too long!
[15:49:38] [Server thread/WARN]: Juanton_soup was kicked for floating too long!
[15:49:38] [Server thread/WARN]: Juanton_soup was kicked for floating too long!
[15:49:38] [Server thread/WARN]: Juanton_soup was kicked for floating too long!
[15:49:38] [Server thread/WARN]: Juanton_soup was kicked for floating too long!
[15:49:38] [Server thread/WARN]: Juanton_soup was kicked for floating too long!
[15:49:38] [Server thread/WARN]: Juanton_soup was kicked for floating too long!
[15:49:38] [Server thread/WARN]: Juanton_soup was kicked for floating too long!
[15:49:38] [Server thread/WARN]: Juanton_soup was kicked for floating too long!
[15:49:38] [Server thread/WARN]: Juanton_soup was kicked for floating too long!
[15:49:38] [Server thread/WARN]: Juanton_soup was kicked for floating too long!
[15:49:38] [Server thread/WARN]: Juanton_soup was kicked for floating too long!
[15:49:38] [Server thread/WARN]: Juanton_soup was kicked for floating too long!
[15:49:38] [Server thread/WARN]: Juanton_soup was kicked for floating too long!
[15:49:38] [Server thread/WARN]: Juanton_soup was kicked for floating too long!
[15:49:38] [Server thread/WARN]: Juanton_soup was kicked for floating too long!
[15:49:39] [Server thread/WARN]: Juanton_soup was kicked for floating too long!
[15:49:39] [Server thread/WARN]: Juanton_soup was kicked for floating too long!
[15:49:39] [Server thread/WARN]: Juanton_soup was kicked for floating too long!
[15:49:39] [Server thread/WARN]: Juanton_soup was kicked for floating too long!
[15:49:39] [Server thread/WARN]: Juanton_soup was kicked for floating too long!
[15:49:39] [Server thread/WARN]: Juanton_soup was kicked for floating too long!
[15:49:39] [Server thread/WARN]: Juanton_soup was kicked for floating too long!
[15:49:39] [Server thread/WARN]: Juanton_soup was kicked for floating too long!
[15:49:39] [Server thread/WARN]: Juanton_soup was kicked for floating too long!
[15:49:39] [Server thread/WARN]: Juanton_soup was kicked for floating too long!
[15:49:39] [Server thread/WARN]: Juanton_soup was kicked for floating too long!
[15:49:39] [Server thread/WARN]: Juanton_soup was kicked for floating too long!
[15:49:39] [Server thread/WARN]: Juanton_soup was kicked for floating too long!
[15:49:39] [Server thread/WARN]: Juanton_soup was kicked for floating too long!
[15:49:39] [Server thread/WARN]: Juanton_soup was kicked for floating too long!
[15:49:39] [Server thread/WARN]: Juanton_soup was kicked for floating too long!
[15:49:40] [Server thread/WARN]: Juanton_soup was kicked for floating too long!
[15:49:40] [Server thread/WARN]: Juanton_soup was kicked for floating too long!
[15:49:40] [Server thread/WARN]: Juanton_soup was kicked for floating too long!
[15:49:40] [Server thread/WARN]: Juanton_soup was kicked for floating too long!
[15:49:40] [Server thread/WARN]: Juanton_soup was kicked for floating too long!
[15:49:40] [Server thread/WARN]: Juanton_soup was kicked for floating too long!
[15:49:40] [Server thread/WARN]: Juanton_soup was kicked for floating too long!
[15:49:40] [Server thread/WARN]: Juanton_soup was kicked for floating too long!
[15:49:40] [Server thread/WARN]: Juanton_soup was kicked for floating too long!
[15:49:40] [Server thread/WARN]: Juanton_soup was kicked for floating too long!
[15:49:40] [Server thread/WARN]: Juanton_soup was kicked for floating too long!
[15:49:40] [Server thread/WARN]: Juanton_soup was kicked for floating too long!
[15:49:40] [Server thread/WARN]: Juanton_soup was kicked for floating too long!
[15:49:40] [Server thread/WARN]: Juanton_soup was kicked for floating too long!
[15:49:40] [Server thread/WARN]: Juanton_soup was kicked for floating too long!
[15:49:40] [Server thread/WARN]: Juanton_soup was kicked for floating too long!
[15:49:40] [Server thread/WARN]: Juanton_soup was kicked for floating too long!
[15:49:40] [Server thread/WARN]: Juanton_soup was kicked for floating too long!
[15:49:40] [Server thread/WARN]: Juanton_soup was kicked for floating too long!
[15:49:40] [Server thread/WARN]: Juanton_soup was kicked for floating too long!
[15:49:40] [Server thread/WARN]: Juanton_soup was kicked for floating too long!
[15:49:40] [Server thread/WARN]: Juanton_soup was kicked for floating too long!
[15:49:41] [Server thread/WARN]: Juanton_soup was kicked for floating too long!
[15:49:41] [Server thread/WARN]: Juanton_soup was kicked for floating too long!
[15:49:41] [Server thread/WARN]: Juanton_soup was kicked for floating too long!
[15:49:41] [Server thread/WARN]: Juanton_soup was kicked for floating too long!
[15:49:41] [Server thread/WARN]: Juanton_soup was kicked for floating too long!
[15:49:41] [Server thread/WARN]: Juanton_soup was kicked for floating too long!
[15:49:41] [Server thread/WARN]: Juanton_soup was kicked for floating too long!
[15:49:41] [Server thread/WARN]: Juanton_soup was kicked for floating too long!
[15:49:41] [Server thread/WARN]: Juanton_soup was kicked for floating too long!
[15:49:41] [Server thread/WARN]: Juanton_soup was kicked for floating too long!
[15:49:41] [Server thread/WARN]: Juanton_soup was kicked for floating too long!
[15:49:41] [Server thread/WARN]: Juanton_soup was kicked for floating too long!
[15:49:41] [Server thread/WARN]: Juanton_soup was kicked for floating too long!
[15:49:41] [Server thread/WARN]: Juanton_soup was kicked for floating too long!
[15:49:41] [Server thread/WARN]: Juanton_soup was kicked for floating too long!
[15:49:42] [Server thread/WARN]: Juanton_soup was kicked for floating too long!
[15:49:42] [Server thread/WARN]: Juanton_soup was kicked for floating too long!
[15:49:42] [Server thread/WARN]: Juanton_soup was kicked for floating too long!
[15:49:42] [Server thread/WARN]: Juanton_soup was kicked for floating too long!
[15:49:42] [Server thread/WARN]: Juanton_soup was kicked for floating too long!
[15:49:42] [Server thread/WARN]: Juanton_soup was kicked for floating too long!
[15:49:42] [Server thread/WARN]: Juanton_soup was kicked for floating too long!
[15:49:42] [Server thread/WARN]: Juanton_soup was kicked for floating too long!
[15:49:42] [Server thread/WARN]: Juanton_soup was kicked for floating too long!
[15:49:42] [Server thread/WARN]: Juanton_soup was kicked for floating too long!
[15:49:42] [Server thread/WARN]: Juanton_soup was kicked for floating too long!
[15:49:42] [Server thread/WARN]: Juanton_soup was kicked for floating too long!
[15:49:43] [Server thread/WARN]: Juanton_soup was kicked for floating too long!
[15:49:43] [Server thread/WARN]: Juanton_soup was kicked for floating too long!
[15:49:43] [Server thread/WARN]: Juanton_soup was kicked for floating too long!
[15:49:43] [Server thread/WARN]: Juanton_soup was kicked for floating too long!
[15:49:43] [Server thread/WARN]: Juanton_soup was kicked for floating too long!
[15:49:43] [Server thread/WARN]: Juanton_soup was kicked for floating too long!
[15:49:43] [Server thread/WARN]: Juanton_soup was kicked for floating too long!
[15:49:43] [Server thread/WARN]: Juanton_soup was kicked for floating too long!
[15:49:44] [Server thread/WARN]: Juanton_soup was kicked for floating too long!
[15:49:44] [Server thread/WARN]: Juanton_soup was kicked for floating too long!
[15:49:44] [Server thread/WARN]: Juanton_soup was kicked for floating too long!
[15:49:44] [Server thread/WARN]: Juanton_soup was kicked for floating too long!
[15:49:44] [Server thread/WARN]: Juanton_soup was kicked for floating too long!
[15:49:44] [Server thread/WARN]: Juanton_soup was kicked for floating too long!
[15:49:45] [Server thread/WARN]: Juanton_soup was kicked for floating too long!
[15:49:45] [Server thread/WARN]: Juanton_soup was kicked for floating too long!
[15:49:45] [Server thread/WARN]: Juanton_soup was kicked for floating too long!
[15:49:45] [Server thread/WARN]: Juanton_soup was kicked for floating too long!
[15:49:45] [Server thread/WARN]: Juanton_soup was kicked for floating too long!
[15:49:45] [Server thread/WARN]: Juanton_soup was kicked for floating too long!
[15:49:45] [Server thread/WARN]: Juanton_soup was kicked for floating too long!
[15:49:45] [Server thread/WARN]: Juanton_soup was kicked for floating too long!
[15:49:45] [Server thread/WARN]: Juanton_soup was kicked for floating too long!
[15:49:45] [Server thread/WARN]: Juanton_soup was kicked for floating too long!
[15:49:46] [Server thread/WARN]: Juanton_soup was kicked for floating too long!
[15:49:46] [Server thread/WARN]: Juanton_soup was kicked for floating too long!
[15:49:46] [Server thread/WARN]: Juanton_soup was kicked for floating too long!
[15:49:46] [Server thread/WARN]: Juanton_soup was kicked for floating too long!
[15:49:46] [Server thread/WARN]: Juanton_soup was kicked for floating too long!
[15:49:46] [Server thread/WARN]: Juanton_soup was kicked for floating too long!
[15:49:46] [Server thread/WARN]: Juanton_soup was kicked for floating too long!
[15:49:46] [Server thread/WARN]: Juanton_soup was kicked for floating too long!
[15:49:46] [Server thread/WARN]: Juanton_soup was kicked for floating too long!
[15:49:46] [Server thread/WARN]: Juanton_soup was kicked for floating too long!
[15:49:46] [Server thread/WARN]: Juanton_soup was kicked for floating too long!
[15:49:46] [Server thread/WARN]: Juanton_soup was kicked for floating too long!
[15:49:46] [Server thread/WARN]: Juanton_soup was kicked for floating too long!
[15:49:47] [Server thread/WARN]: Juanton_soup was kicked for floating too long!
[15:49:47] [Server thread/WARN]: Can't keep up! Did the system time change, or is the server overloaded? Running 11119ms behind, skipping 222 tick(s)
[15:49:47] [Server thread/WARN]: Juanton_soup was kicked for floating too long!
[15:49:47] [Server thread/WARN]: Juanton_soup was kicked for floating too long!
[15:49:47] [Server thread/WARN]: Juanton_soup was kicked for floating too long!
[15:49:47] [Server thread/WARN]: Juanton_soup was kicked for floating too long!
[15:49:47] [Server thread/WARN]: Juanton_soup was kicked for floating too long!
[15:49:47] [Server thread/WARN]: Juanton_soup was kicked for floating too long!
[15:49:47] [Server thread/WARN]: Juanton_soup was kicked for floating too long!
[15:49:47] [Server thread/WARN]: Juanton_soup was kicked for floating too long!
[15:49:47] [Server thread/WARN]: Juanton_soup was kicked for floating too long!
[15:49:48] [Server thread/WARN]: Juanton_soup was kicked for floating too long!
[15:49:48] [Server thread/WARN]: Juanton_soup was kicked for floating too long!
[15:49:48] [Server thread/WARN]: Juanton_soup was kicked for floating too long!
[15:49:48] [Server thread/WARN]: Juanton_soup was kicked for floating too long!
[15:49:48] [Server thread/WARN]: Juanton_soup was kicked for floating too long!
[15:49:48] [Server thread/WARN]: Juanton_soup was kicked for floating too long!
[15:49:48] [Server thread/WARN]: Juanton_soup was kicked for floating too long!
[15:49:48] [Server thread/WARN]: Juanton_soup was kicked for floating too long!
[15:49:48] [Server thread/WARN]: Juanton_soup was kicked for floating too long!
[15:49:48] [Server thread/WARN]: Juanton_soup was kicked for floating too long!
[15:49:48] [Server thread/WARN]: Juanton_soup was kicked for floating too long!
[15:49:48] [Server thread/WARN]: Juanton_soup was kicked for floating too long!
[15:49:49] [Server thread/WARN]: Juanton_soup was kicked for floating too long!
[15:49:49] [Server thread/WARN]: Juanton_soup was kicked for floating too long!
[15:49:49] [Server thread/WARN]: Juanton_soup was kicked for floating too long!
[15:49:49] [Server thread/WARN]: Juanton_soup was kicked for floating too long!
[15:49:49] [Server thread/WARN]: Juanton_soup was kicked for floating too long!
[15:49:49] [Server thread/WARN]: Juanton_soup was kicked for floating too long!
[15:49:49] [Server thread/WARN]: Juanton_soup was kicked for floating too long!
[15:49:50] [Server thread/WARN]: Juanton_soup was kicked for floating too long!
[15:49:50] [Server thread/WARN]: Juanton_soup was kicked for floating too long!
[15:49:50] [Server thread/WARN]: Juanton_soup was kicked for floating too long!
[15:49:50] [Server thread/WARN]: Juanton_soup was kicked for floating too long!
[15:49:50] [Server thread/WARN]: Juanton_soup was kicked for floating too long!
[15:49:50] [Server thread/WARN]: Juanton_soup was kicked for floating too long!
[15:49:50] [Server thread/WARN]: Juanton_soup was kicked for floating too long!
[15:49:50] [Server thread/WARN]: Juanton_soup was kicked for floating too long!
[15:49:51] [Server thread/WARN]: Juanton_soup was kicked for floating too long!
[15:49:51] [Server thread/WARN]: Juanton_soup was kicked for floating too long!
[15:49:51] [Server thread/WARN]: Juanton_soup was kicked for floating too long!
[15:49:51] [Server thread/WARN]: Juanton_soup was kicked for floating too long!
[15:49:51] [Server thread/WARN]: Juanton_soup was kicked for floating too long!
[15:49:51] [Server thread/WARN]: Juanton_soup was kicked for floating too long!
[15:49:51] [Server thread/WARN]: Juanton_soup was kicked for floating too long!
[15:49:52] [Server thread/WARN]: Juanton_soup was kicked for floating too long!
[15:49:52] [Server thread/WARN]: Juanton_soup was kicked for floating too long!
[15:49:52] [Server thread/WARN]: Juanton_soup was kicked for floating too long!
[15:49:52] [Server thread/WARN]: Juanton_soup was kicked for floating too long!
[15:49:52] [Server thread/WARN]: Juanton_soup was kicked for floating too long!
[15:49:52] [Server thread/WARN]: Juanton_soup was kicked for floating too long!
[15:49:52] [Server thread/WARN]: Juanton_soup was kicked for floating too long!
[15:49:52] [Server thread/WARN]: Juanton_soup was kicked for floating too long!
[15:49:53] [Server thread/WARN]: Juanton_soup was kicked for floating too long!
[15:49:53] [Server thread/WARN]: Juanton_soup was kicked for floating too long!
[15:49:53] [Server thread/WARN]: Juanton_soup was kicked for floating too long!
[15:49:53] [Server thread/WARN]: Juanton_soup was kicked for floating too long!
[15:49:53] [Server thread/WARN]: Juanton_soup was kicked for floating too long!
[15:49:53] [Server thread/WARN]: Juanton_soup was kicked for floating too long!
[15:49:53] [Server thread/WARN]: Juanton_soup was kicked for floating too long!
[15:49:53] [Server thread/WARN]: Juanton_soup was kicked for floating too long!
[15:49:54] [Server thread/WARN]: Juanton_soup was kicked for floating too long!
[15:49:54] [Server thread/WARN]: Juanton_soup was kicked for floating too long!
[15:49:54] [Server thread/WARN]: Juanton_soup was kicked for floating too long!
[15:49:54] [Server thread/WARN]: Juanton_soup was kicked for floating too long!
[15:49:54] [Server thread/WARN]: Juanton_soup was kicked for floating too long!
[15:49:55] [Server thread/WARN]: Juanton_soup was kicked for floating too long!
[15:49:55] [Server thread/WARN]: Juanton_soup was kicked for floating too long!
[15:49:55] [Server thread/WARN]: Juanton_soup was kicked for floating too long!
[15:49:55] [Server thread/WARN]: Juanton_soup was kicked for floating too long!
[15:49:55] [Server thread/WARN]: Juanton_soup was kicked for floating too long!
[15:49:55] [Server thread/INFO]: Juanton_soup lost connection: Disconnected
[15:49:55] [Server thread/INFO]: Juanton_soup left the game
[15:49:59] [Server thread/WARN]: Can't keep up! Did the system time change, or is the server overloaded? Running 8075ms behind, skipping 161 tick(s)
[15:50:01] [User Authenticator #6/INFO]: UUID of player Juanton_soup is edd79b0f-8a46-46a8-9054-8cc37aa584e4
[15:50:02] [Server thread/INFO]: Juanton_soup[/100.12.237.207:50385] logged in with entity id 61913 at (-1529.129603230871, 65.7531999805212, -67.54279921526584)
[15:50:02] [Server thread/INFO]: Juanton_soup joined the game
[15:50:23] [Server thread/INFO]: Optix570 lost connection: Disconnected
[15:50:23] [Server thread/INFO]: Optix570 left the game
[15:50:25] [Server thread/INFO]: Juanton_soup lost connection: Disconnected
[15:50:25] [Server thread/INFO]: Juanton_soup left the game
[15:50:26] [Server thread/WARN]: Can't keep up! Did the system time change, or is the server overloaded? Running 12965ms behind, skipping 259 tick(s)
[15:50:33] [Server thread/INFO]: Stopping server
[15:50:33] [Server thread/INFO]: Saving players
[15:50:33] [Server thread/INFO]: Saving worlds
[15:50:33] [Server thread/INFO]: Saving chunks for level 'world'/overworld
[15:50:33] [Server thread/INFO]: Saving chunks for level 'world'/the_nether
[15:50:33] [Server thread/INFO]: Saving chunks for level 'world'/the_end
[15:50:33] [Server Shutdown Thread/INFO]: Stopping server
[15:50:33] [Server Shutdown Thread/INFO]: Saving players
[15:50:33] [Server Shutdown Thread/INFO]: Saving worlds
[15:50:33] [Server Shutdown Thread/INFO]: Saving chunks for level 'world'/overworld
